<?xml version="1.0" encoding="UTF-8"?>
<!-- Generated by org.testng.reporters.JUnitReportReporter -->
<testsuite hostname="LAPTOP-3LHL5QB2" failures="0" tests="4" name="com.Swag.Testcases.SwagaddtoCart" time="2.509" errors="0" timestamp="2024-07-02T13:40:24 IST" skipped="0">
  <testcase classname="com.Swag.Testcases.SwagaddtoCart" name="verifyCart" time="0.693"/>
  <testcase classname="com.Swag.Testcases.SwagaddtoCart" name="verifyCart" time="0.598"/>
  <testcase classname="com.Swag.Testcases.SwagaddtoCart" name="verifyCart" time="0.613"/>
  <testcase classname="com.Swag.Testcases.SwagaddtoCart" name="verifyCart" time="0.605"/>
</testsuite> <!-- com.Swag.Testcases.SwagaddtoCart -->
